2020-10-11 13:05:29,936 INFO online.happyclinic.HappyClinicApplication [restartedMain] Starting HappyClinicApplication on DESKTOP-58T9AVE with PID 26728 (C:\Users\guama\OneDrive - neiu.edu\Documents\Fall_2020\CS_321\code\neiu-cs-321\target\classes started by guama in C:\Users\guama\OneDrive - neiu.edu\Documents\Fall_2020\CS_321\code\neiu-cs-321)
2020-10-11 13:05:29,938 INFO online.happyclinic.HappyClinicApplication [restartedMain] No active profile set, falling back to default profiles: default
2020-10-11 13:05:29,983 INFO org.springframework.boot.devtools.env.DevToolsPropertyDefaultsPostProcessor [restartedMain] Devtools property defaults active! Set 'spring.devtools.add-properties' to 'false' to disable
2020-10-11 13:05:29,983 INFO org.springframework.boot.devtools.env.DevToolsPropertyDefaultsPostProcessor [restartedMain] For additional web related logging consider setting the 'logging.level.web' property to 'DEBUG'
2020-10-11 13:05:30,602 INFO org.springframework.boot.web.embedded.tomcat.TomcatWebServer [restartedMain] Tomcat initialized with port(s): 8080 (http)
2020-10-11 13:05:30,608 INFO org.apache.catalina.core.StandardService [restartedMain] Starting service [Tomcat]
2020-10-11 13:05:30,608 INFO org.apache.catalina.core.StandardEngine [restartedMain] Starting Servlet engine: [Apache Tomcat/9.0.37]
2020-10-11 13:05:30,658 INFO org.apache.catalina.core.ContainerBase.[Tomcat].[localhost].[/] [restartedMain] Initializing Spring embedded WebApplicationContext
2020-10-11 13:05:30,658 INFO org.springframework.boot.web.servlet.context.ServletWebServerApplicationContext [restartedMain] Root WebApplicationContext: initialization completed in 674 ms
2020-10-11 13:05:30,785 INFO org.springframework.scheduling.concurrent.ThreadPoolTaskExecutor [restartedMain] Initializing ExecutorService 'applicationTaskExecutor'
2020-10-11 13:05:30,885 INFO org.springframework.boot.devtools.autoconfigure.OptionalLiveReloadServer [restartedMain] LiveReload server is running on port 35729
2020-10-11 13:05:30,908 INFO org.springframework.boot.web.embedded.tomcat.TomcatWebServer [restartedMain] Tomcat started on port(s): 8080 (http) with context path ''
2020-10-11 13:05:30,918 INFO online.happyclinic.HappyClinicApplication [restartedMain] Started HappyClinicApplication in 1.213 seconds (JVM running for 1.822)
2020-10-11 13:05:31,722 INFO org.apache.catalina.core.ContainerBase.[Tomcat].[localhost].[/] [http-nio-8080-exec-1] Initializing Spring DispatcherServlet 'dispatcherServlet'
2020-10-11 13:05:31,723 INFO org.springframework.web.servlet.DispatcherServlet [http-nio-8080-exec-1] Initializing Servlet 'dispatcherServlet'
2020-10-11 13:05:31,727 INFO org.springframework.web.servlet.DispatcherServlet [http-nio-8080-exec-1] Completed initialization in 3 ms
2020-10-11 13:07:56,705 INFO org.springframework.scheduling.concurrent.ThreadPoolTaskExecutor [SpringContextShutdownHook] Shutting down ExecutorService 'applicationTaskExecutor'
2020-10-11 13:08:20,962 INFO online.happyclinic.HappyClinicApplication [restartedMain] Starting HappyClinicApplication on DESKTOP-58T9AVE with PID 11884 (C:\Users\guama\OneDrive - neiu.edu\Documents\Fall_2020\CS_321\code\neiu-cs-321\target\classes started by guama in C:\Users\guama\OneDrive - neiu.edu\Documents\Fall_2020\CS_321\code\neiu-cs-321)
2020-10-11 13:08:20,964 INFO online.happyclinic.HappyClinicApplication [restartedMain] No active profile set, falling back to default profiles: default
2020-10-11 13:08:20,999 INFO org.springframework.boot.devtools.env.DevToolsPropertyDefaultsPostProcessor [restartedMain] Devtools property defaults active! Set 'spring.devtools.add-properties' to 'false' to disable
2020-10-11 13:08:20,999 INFO org.springframework.boot.devtools.env.DevToolsPropertyDefaultsPostProcessor [restartedMain] For additional web related logging consider setting the 'logging.level.web' property to 'DEBUG'
2020-10-11 13:08:21,530 INFO org.springframework.boot.web.embedded.tomcat.TomcatWebServer [restartedMain] Tomcat initialized with port(s): 8080 (http)
2020-10-11 13:08:21,535 INFO org.apache.catalina.core.StandardService [restartedMain] Starting service [Tomcat]
2020-10-11 13:08:21,535 INFO org.apache.catalina.core.StandardEngine [restartedMain] Starting Servlet engine: [Apache Tomcat/9.0.37]
2020-10-11 13:08:21,583 INFO org.apache.catalina.core.ContainerBase.[Tomcat].[localhost].[/] [restartedMain] Initializing Spring embedded WebApplicationContext
2020-10-11 13:08:21,583 INFO org.springframework.boot.web.servlet.context.ServletWebServerApplicationContext [restartedMain] Root WebApplicationContext: initialization completed in 583 ms
2020-10-11 13:08:21,694 INFO org.springframework.scheduling.concurrent.ThreadPoolTaskExecutor [restartedMain] Initializing ExecutorService 'applicationTaskExecutor'
2020-10-11 13:08:21,790 INFO org.springframework.boot.devtools.autoconfigure.OptionalLiveReloadServer [restartedMain] LiveReload server is running on port 35729
2020-10-11 13:08:21,811 INFO org.springframework.boot.web.embedded.tomcat.TomcatWebServer [restartedMain] Tomcat started on port(s): 8080 (http) with context path ''
2020-10-11 13:08:21,819 INFO online.happyclinic.HappyClinicApplication [restartedMain] Started HappyClinicApplication in 1.078 seconds (JVM running for 1.59)
2020-10-11 13:08:21,886 INFO org.apache.catalina.core.ContainerBase.[Tomcat].[localhost].[/] [http-nio-8080-exec-1] Initializing Spring DispatcherServlet 'dispatcherServlet'
2020-10-11 13:08:21,887 INFO org.springframework.web.servlet.DispatcherServlet [http-nio-8080-exec-1] Initializing Servlet 'dispatcherServlet'
2020-10-11 13:08:21,891 INFO org.springframework.web.servlet.DispatcherServlet [http-nio-8080-exec-1] Completed initialization in 3 ms
2020-10-11 13:12:54,163 INFO online.happyclinic.HappyClinicApplication [restartedMain] Starting HappyClinicApplication on DESKTOP-58T9AVE with PID 19568 (C:\Users\guama\OneDrive - neiu.edu\Documents\Fall_2020\CS_321\code\neiu-cs-321\target\classes started by guama in C:\Users\guama\OneDrive - neiu.edu\Documents\Fall_2020\CS_321\code\neiu-cs-321)
2020-10-11 13:12:54,164 INFO online.happyclinic.HappyClinicApplication [restartedMain] No active profile set, falling back to default profiles: default
2020-10-11 13:12:54,297 INFO org.springframework.boot.web.embedded.tomcat.TomcatWebServer [restartedMain] Tomcat initialized with port(s): 8080 (http)
2020-10-11 13:12:54,298 INFO org.apache.catalina.core.StandardService [restartedMain] Starting service [Tomcat]
2020-10-11 13:12:54,298 INFO org.apache.catalina.core.StandardEngine [restartedMain] Starting Servlet engine: [Apache Tomcat/9.0.37]
2020-10-11 13:12:54,312 INFO org.apache.catalina.core.ContainerBase.[Tomcat].[localhost].[/] [restartedMain] Initializing Spring embedded WebApplicationContext
2020-10-11 13:12:54,312 INFO org.springframework.boot.web.servlet.context.ServletWebServerApplicationContext [restartedMain] Root WebApplicationContext: initialization completed in 147 ms
2020-10-11 13:12:54,342 INFO org.springframework.scheduling.concurrent.ThreadPoolTaskExecutor [restartedMain] Initializing ExecutorService 'applicationTaskExecutor'
2020-10-11 13:12:54,377 INFO org.springframework.boot.devtools.autoconfigure.OptionalLiveReloadServer [restartedMain] LiveReload server is running on port 35729
2020-10-11 13:12:54,387 INFO org.springframework.boot.web.embedded.tomcat.TomcatWebServer [restartedMain] Tomcat started on port(s): 8080 (http) with context path ''
2020-10-11 13:12:54,390 INFO online.happyclinic.HappyClinicApplication [restartedMain] Started HappyClinicApplication in 0.256 seconds (JVM running for 67.788)
2020-10-11 13:12:54,392 INFO org.springframework.boot.devtools.autoconfigure.ConditionEvaluationDeltaLoggingListener [restartedMain] Condition evaluation unchanged
2020-10-11 13:12:54,504 INFO org.apache.catalina.core.ContainerBase.[Tomcat].[localhost].[/] [http-nio-8080-exec-1] Initializing Spring DispatcherServlet 'dispatcherServlet'
2020-10-11 13:12:54,504 INFO org.springframework.web.servlet.DispatcherServlet [http-nio-8080-exec-1] Initializing Servlet 'dispatcherServlet'
2020-10-11 13:12:54,506 INFO org.springframework.web.servlet.DispatcherServlet [http-nio-8080-exec-1] Completed initialization in 2 ms
2020-10-11 13:13:10,353 INFO online.happyclinic.web.DesignController [http-nio-8080-exec-9] Processing...Request(name=carlos, RequestsInfo=[HH])
2020-10-11 13:16:18,034 INFO org.springframework.scheduling.concurrent.ThreadPoolTaskExecutor [Thread-8] Shutting down ExecutorService 'applicationTaskExecutor'
2020-10-11 13:16:18,089 INFO online.happyclinic.HappyClinicApplication [restartedMain] Starting HappyClinicApplication on DESKTOP-58T9AVE with PID 19568 (C:\Users\guama\OneDrive - neiu.edu\Documents\Fall_2020\CS_321\code\neiu-cs-321\target\classes started by guama in C:\Users\guama\OneDrive - neiu.edu\Documents\Fall_2020\CS_321\code\neiu-cs-321)
2020-10-11 13:16:18,090 INFO online.happyclinic.HappyClinicApplication [restartedMain] No active profile set, falling back to default profiles: default
2020-10-11 13:16:18,219 INFO org.springframework.boot.web.embedded.tomcat.TomcatWebServer [restartedMain] Tomcat initialized with port(s): 8080 (http)
2020-10-11 13:16:18,219 INFO org.apache.catalina.core.StandardService [restartedMain] Starting service [Tomcat]
2020-10-11 13:16:18,220 INFO org.apache.catalina.core.StandardEngine [restartedMain] Starting Servlet engine: [Apache Tomcat/9.0.37]
2020-10-11 13:16:18,235 INFO org.apache.catalina.core.ContainerBase.[Tomcat].[localhost].[/] [restartedMain] Initializing Spring embedded WebApplicationContext
2020-10-11 13:16:18,235 INFO org.springframework.boot.web.servlet.context.ServletWebServerApplicationContext [restartedMain] Root WebApplicationContext: initialization completed in 143 ms
2020-10-11 13:16:18,264 INFO org.springframework.scheduling.concurrent.ThreadPoolTaskExecutor [restartedMain] Initializing ExecutorService 'applicationTaskExecutor'
2020-10-11 13:16:18,295 INFO org.springframework.boot.devtools.autoconfigure.OptionalLiveReloadServer [restartedMain] LiveReload server is running on port 35729
2020-10-11 13:16:18,302 INFO org.springframework.boot.web.embedded.tomcat.TomcatWebServer [restartedMain] Tomcat started on port(s): 8080 (http) with context path ''
2020-10-11 13:16:18,306 INFO online.happyclinic.HappyClinicApplication [restartedMain] Started HappyClinicApplication in 0.242 seconds (JVM running for 271.703)
2020-10-11 13:16:18,307 INFO org.springframework.boot.devtools.autoconfigure.ConditionEvaluationDeltaLoggingListener [restartedMain] Condition evaluation unchanged
2020-10-11 13:16:29,225 INFO org.apache.catalina.core.ContainerBase.[Tomcat].[localhost].[/] [http-nio-8080-exec-1] Initializing Spring DispatcherServlet 'dispatcherServlet'
2020-10-11 13:16:29,226 INFO org.springframework.web.servlet.DispatcherServlet [http-nio-8080-exec-1] Initializing Servlet 'dispatcherServlet'
2020-10-11 13:16:29,227 INFO org.springframework.web.servlet.DispatcherServlet [http-nio-8080-exec-1] Completed initialization in 1 ms
